D:\SHARED\KAUSTUV\MONOPOLYTHECITYOFJOY\MONOPOLY-THECITYOFJOY\BUILD\MONOPOLY\DEBUG\BASEFUNCTIONS.OBJ
D:\SHARED\KAUSTUV\MONOPOLYTHECITYOFJOY\MONOPOLY-THECITYOFJOY\BUILD\MONOPOLY\DEBUG\MAIN.OBJ
D:\SHARED\KAUSTUV\MONOPOLYTHECITYOFJOY\MONOPOLY-THECITYOFJOY\BUILD\MONOPOLY\DEBUG\PLAYER.OBJ
D:\SHARED\KAUSTUV\MONOPOLYTHECITYOFJOY\MONOPOLY-THECITYOFJOY\BUILD\MONOPOLY\DEBUG\PROPERTY.OBJ
D:\SHARED\KAUSTUV\MONOPOLYTHECITYOFJOY\MONOPOLY-THECITYOFJOY\BUILD\MONOPOLY\DEBUG\REALESTATE.OBJ
D:\SHARED\KAUSTUV\MONOPOLYTHECITYOFJOY\MONOPOLY-THECITYOFJOY\BUILD\MONOPOLY\DEBUG\VC110.PDB
D:\SHARED\KAUSTUV\MONOPOLYTHECITYOFJOY\MONOPOLY-THECITYOFJOY\BUILD\MONOPOLY\DEBUG\MONOPOLY.ILK
D:\SHARED\KAUSTUV\MONOPOLYTHECITYOFJOY\MONOPOLY-THECITYOFJOY\BUILD\MONOPOLY\DEBUG\MONOPOLY.EXE
D:\SHARED\KAUSTUV\MONOPOLYTHECITYOFJOY\MONOPOLY-THECITYOFJOY\BUILD\MONOPOLY\DEBUG\MONOPOLY.PDB
D:\SHARED\Kaustuv\monopolyTheCityOfJoy\Monopoly-theCityOfJoy\build\monopoly\Debug\BaseFunctions.obj
D:\SHARED\Kaustuv\monopolyTheCityOfJoy\Monopoly-theCityOfJoy\build\monopoly\Debug\main.obj
D:\SHARED\Kaustuv\monopolyTheCityOfJoy\Monopoly-theCityOfJoy\build\monopoly\Debug\Player.obj
D:\SHARED\Kaustuv\monopolyTheCityOfJoy\Monopoly-theCityOfJoy\build\monopoly\Debug\Property.obj
D:\SHARED\Kaustuv\monopolyTheCityOfJoy\Monopoly-theCityOfJoy\build\monopoly\Debug\RealEstate.obj
D:\SHARED\Kaustuv\monopolyTheCityOfJoy\Monopoly-theCityOfJoy\build\monopoly\Debug\monopoly.ilk
D:\SHARED\Kaustuv\monopolyTheCityOfJoy\Monopoly-theCityOfJoy\build\monopoly\Debug\cl.command.1.tlog
D:\SHARED\Kaustuv\monopolyTheCityOfJoy\Monopoly-theCityOfJoy\build\monopoly\Debug\CL.read.1.tlog
D:\SHARED\Kaustuv\monopolyTheCityOfJoy\Monopoly-theCityOfJoy\build\monopoly\Debug\CL.write.1.tlog
D:\SHARED\Kaustuv\monopolyTheCityOfJoy\Monopoly-theCityOfJoy\build\monopoly\Debug\link-cvtres.read.1.tlog
D:\SHARED\Kaustuv\monopolyTheCityOfJoy\Monopoly-theCityOfJoy\build\monopoly\Debug\link-cvtres.write.1.tlog
D:\SHARED\Kaustuv\monopolyTheCityOfJoy\Monopoly-theCityOfJoy\build\monopoly\Debug\link-rc.read.1.tlog
D:\SHARED\Kaustuv\monopolyTheCityOfJoy\Monopoly-theCityOfJoy\build\monopoly\Debug\link-rc.write.1.tlog
D:\SHARED\Kaustuv\monopolyTheCityOfJoy\Monopoly-theCityOfJoy\build\monopoly\Debug\link.command.1.tlog
D:\SHARED\Kaustuv\monopolyTheCityOfJoy\Monopoly-theCityOfJoy\build\monopoly\Debug\link.read.1.tlog
D:\SHARED\Kaustuv\monopolyTheCityOfJoy\Monopoly-theCityOfJoy\build\monopoly\Debug\link.write.1.tlog
D:\SHARED\Kaustuv\monopolyTheCityOfJoy\Monopoly-theCityOfJoy\build\monopoly\Debug\vc110.idb
D:\SHARED\Kaustuv\monopolyTheCityOfJoy\Monopoly-theCityOfJoy\build\monopoly\Debug\monopoly.pdb
D:\SHARED\Kaustuv\monopolyTheCityOfJoy\Monopoly-theCityOfJoy\build\monopoly\Debug\vc110.pdb
D:\SHARED\Kaustuv\monopolyTheCityOfJoy\Monopoly-theCityOfJoy\build\monopoly\Debug\monopoly.exe
